<?xml version="1.0" encoding="UTF-8"?>
<testsuite xmlns:xsi="http://www.w3.org/2001/XMLSchema-instance" xsi:noNamespaceSchemaLocation="https://maven.apache.org/surefire/maven-surefire-plugin/xsd/surefire-test-report.xsd" name="com.sportradar.statsapi.StatsapiApplicationTests" time="0.898" tests="1" errors="1" skipped="0" failures="0">
  <properties>
[...]
</properties>
  <testcase name="com.sportradar.statsapi.StatsapiApplicationTests" classname="com.sportradar.statsapi.StatsapiApplicationTests" time="0.896">
    <error message="Failed to read candidate component class: file [C:\My Projects\new\statsapi\target\test-classes\com\sportradar\statsapi\StatsapiApplicationTests.class]; nested exception is org.springframework.core.NestedIOException: ASM ClassReader failed to parse class file - probably due to a new Java class file version that isn&apos;t supported yet: file [C:\My Projects\new\statsapi\target\test-classes\com\sportradar\statsapi\StatsapiApplicationTests.class]; nested exception is java.lang.IllegalArgumentException: Unsupported class file major version 61" type="org.springframework.beans.factory.BeanDefinitionStoreException">org.springframework.beans.factory.BeanDefinitionStoreException: Failed to read candidate component class: file [C:\My Projects\new\statsapi\target\test-classes\com\sportradar\statsapi\StatsapiApplicationTests.class]; nested exception is org.springframework.core.NestedIOException: ASM ClassReader failed to parse class file - probably due to a new Java class file version that isn't supported yet: file [C:\My Projects\new\statsapi\target\test-classes\com\sportradar\statsapi\StatsapiApplicationTests.class]; nested exception is java.lang.IllegalArgumentException: Unsupported class file major version 61
Caused by: org.springframework.core.NestedIOException: ASM ClassReader failed to parse class file - probably due to a new Java class file version that isn't supported yet: file [C:\My Projects\new\statsapi\target\test-classes\com\sportradar\statsapi\StatsapiApplicationTests.class]; nested exception is java.lang.IllegalArgumentException: Unsupported class file major version 61
Caused by: java.lang.IllegalArgumentException: Unsupported class file major version 61
</error>
    <system-out><![CDATA[11:01:22.779 [main] DEBUG org.springframework.test.context.BootstrapUtils - Instantiating CacheAwareContextLoaderDelegate from class [org.springframework.test.context.cache.DefaultCacheAwareContextLoaderDelegate]
11:01:22.842 [main] DEBUG org.springframework.test.context.BootstrapUtils - Instantiating BootstrapContext using constructor [public org.springframework.test.context.support.DefaultBootstrapContext(java.lang.Class,org.springframework.test.context.CacheAwareContextLoaderDelegate)]
11:01:22.972 [main] DEBUG org.springframework.test.context.BootstrapUtils - Instantiating TestContextBootstrapper for test class [com.sportradar.statsapi.StatsapiApplicationTests] from class [org.springframework.boot.test.context.SpringBootTestContextBootstrapper]
11:01:22.998 [main] INFO org.springframework.boot.test.context.SpringBootTestContextBootstrapper - Neither @ContextConfiguration nor @ContextHierarchy found for test class [com.sportradar.statsapi.StatsapiApplicationTests], using SpringBootContextLoader
11:01:23.011 [main] DEBUG org.springframework.test.context.support.AbstractContextLoader - Did not detect default resource location for test class [com.sportradar.statsapi.StatsapiApplicationTests]: class path resource [com/sportradar/statsapi/StatsapiApplicationTests-context.xml] does not exist
11:01:23.012 [main] DEBUG org.springframework.test.context.support.AbstractContextLoader - Did not detect default resource location for test class [com.sportradar.statsapi.StatsapiApplicationTests]: class path resource [com/sportradar/statsapi/StatsapiApplicationTestsContext.groovy] does not exist
11:01:23.012 [main] INFO org.springframework.test.context.support.AbstractContextLoader - Could not detect default resource locations for test class [com.sportradar.statsapi.StatsapiApplicationTests]: no resource found for suffixes {-context.xml, Context.groovy}.
11:01:23.013 [main] INFO org.springframework.test.context.support.AnnotationConfigContextLoaderUtils - Could not detect default configuration classes for test class [com.sportradar.statsapi.StatsapiApplicationTests]: StatsapiApplicationTests does not declare any static, non-private, non-final, nested classes annotated with @Configuration.
11:01:23.161 [main] DEBUG org.springframework.test.context.support.ActiveProfilesUtils - Could not find an 'annotation declaring class' for annotation type [org.springframework.test.context.ActiveProfiles] and class [com.sportradar.statsapi.StatsapiApplicationTests]
11:01:23.235 [main] DEBUG org.springframework.test.context.BootstrapUtils - Instantiating CacheAwareContextLoaderDelegate from class [org.springframework.test.context.cache.DefaultCacheAwareContextLoaderDelegate]
11:01:23.235 [main] DEBUG org.springframework.test.context.BootstrapUtils - Instantiating BootstrapContext using constructor [public org.springframework.test.context.support.DefaultBootstrapContext(java.lang.Class,org.springframework.test.context.CacheAwareContextLoaderDelegate)]
11:01:23.237 [main] DEBUG org.springframework.test.context.BootstrapUtils - Instantiating TestContextBootstrapper for test class [com.sportradar.statsapi.StatsapiApplicationTests] from class [org.springframework.boot.test.context.SpringBootTestContextBootstrapper]
11:01:23.238 [main] INFO org.springframework.boot.test.context.SpringBootTestContextBootstrapper - Neither @ContextConfiguration nor @ContextHierarchy found for test class [com.sportradar.statsapi.StatsapiApplicationTests], using SpringBootContextLoader
11:01:23.239 [main] DEBUG org.springframework.test.context.support.AbstractContextLoader - Did not detect default resource location for test class [com.sportradar.statsapi.StatsapiApplicationTests]: class path resource [com/sportradar/statsapi/StatsapiApplicationTests-context.xml] does not exist
11:01:23.240 [main] DEBUG org.springframework.test.context.support.AbstractContextLoader - Did not detect default resource location for test class [com.sportradar.statsapi.StatsapiApplicationTests]: class path resource [com/sportradar/statsapi/StatsapiApplicationTestsContext.groovy] does not exist
11:01:23.240 [main] INFO org.springframework.test.context.support.AbstractContextLoader - Could not detect default resource locations for test class [com.sportradar.statsapi.StatsapiApplicationTests]: no resource found for suffixes {-context.xml, Context.groovy}.
11:01:23.240 [main] INFO org.springframework.test.context.support.AnnotationConfigContextLoaderUtils - Could not detect default configuration classes for test class [com.sportradar.statsapi.StatsapiApplicationTests]: StatsapiApplicationTests does not declare any static, non-private, non-final, nested classes annotated with @Configuration.
11:01:23.244 [main] DEBUG org.springframework.test.context.support.ActiveProfilesUtils - Could not find an 'annotation declaring class' for annotation type [org.springframework.test.context.ActiveProfiles] and class [com.sportradar.statsapi.StatsapiApplicationTests]
11:01:23.251 [main] DEBUG org.springframework.test.context.BootstrapUtils - Instantiating CacheAwareContextLoaderDelegate from class [org.springframework.test.context.cache.DefaultCacheAwareContextLoaderDelegate]
11:01:23.251 [main] DEBUG org.springframework.test.context.BootstrapUtils - Instantiating BootstrapContext using constructor [public org.springframework.test.context.support.DefaultBootstrapContext(java.lang.Class,org.springframework.test.context.CacheAwareContextLoaderDelegate)]
11:01:23.252 [main] DEBUG org.springframework.test.context.BootstrapUtils - Instantiating TestContextBootstrapper for test class [com.sportradar.statsapi.StatsapiApplicationTests] from class [org.springframework.boot.test.context.SpringBootTestContextBootstrapper]
11:01:23.253 [main] INFO org.springframework.boot.test.context.SpringBootTestContextBootstrapper - Neither @ContextConfiguration nor @ContextHierarchy found for test class [com.sportradar.statsapi.StatsapiApplicationTests], using SpringBootContextLoader
11:01:23.255 [main] DEBUG org.springframework.test.context.support.AbstractContextLoader - Did not detect default resource location for test class [com.sportradar.statsapi.StatsapiApplicationTests]: class path resource [com/sportradar/statsapi/StatsapiApplicationTests-context.xml] does not exist
11:01:23.255 [main] DEBUG org.springframework.test.context.support.AbstractContextLoader - Did not detect default resource location for test class [com.sportradar.statsapi.StatsapiApplicationTests]: class path resource [com/sportradar/statsapi/StatsapiApplicationTestsContext.groovy] does not exist
11:01:23.255 [main] INFO org.springframework.test.context.support.AbstractContextLoader - Could not detect default resource locations for test class [com.sportradar.statsapi.StatsapiApplicationTests]: no resource found for suffixes {-context.xml, Context.groovy}.
11:01:23.255 [main] INFO org.springframework.test.context.support.AnnotationConfigContextLoaderUtils - Could not detect default configuration classes for test class [com.sportradar.statsapi.StatsapiApplicationTests]: StatsapiApplicationTests does not declare any static, non-private, non-final, nested classes annotated with @Configuration.
11:01:23.260 [main] DEBUG org.springframework.test.context.support.ActiveProfilesUtils - Could not find an 'annotation declaring class' for annotation type [org.springframework.test.context.ActiveProfiles] and class [com.sportradar.statsapi.StatsapiApplicationTests]
]]></system-out>
  </testcase>
</testsuite>